<?xml version="1.0" encoding="UTF-8"?>
<!-- Generated by org.testng.reporters.JUnitReportReporter -->
<testsuite hostname="DESKTOP-460CLSS" failures="0" tests="2" name="Programs.SustainableDevelopmentVerifiedImpactStandard" time="60.603" errors="0" timestamp="2025-03-01T11:09:18 CST" skipped="0">
  <testcase classname="Programs.SustainableDevelopmentVerifiedImpactStandard" name="A" time="36.986"/>
  <testcase classname="Programs.SustainableDevelopmentVerifiedImpactStandard" name="B" time="23.617"/>
</testsuite> <!-- Programs.SustainableDevelopmentVerifiedImpactStandard -->
