<?xml version="1.0" encoding="UTF-8"?>
<!-- Generated by org.testng.reporters.JUnitReportReporter -->
<testsuite hostname="DESKTOP-460CLSS" failures="0" tests="2" name="Resources.VCSmethodologies" time="29.245" errors="0" timestamp="2025-04-19T19:13:36 CDT" skipped="0">
  <testcase classname="Resources.VCSmethodologies" name="A" time="16.428"/>
  <testcase classname="Resources.VCSmethodologies" name="B" time="12.817"/>
</testsuite> <!-- Resources.VCSmethodologies -->
