<?xml version="1.0" encoding="UTF-8"?>
<!-- Generated by org.testng.reporters.JUnitReportReporter -->
<testsuite hostname="DESKTOP-460CLSS" failures="0" tests="1" name="Contact.ContactTab" time="44.719" errors="0" timestamp="2025-05-20T15:31:19 CDT" skipped="0">
  <testcase classname="Contact.ContactTab" name="A" time="44.719"/>
</testsuite> <!-- Contact.ContactTab -->
