<?xml version="1.0" encoding="UTF-8"?>
<!-- Generated by org.testng.reporters.JUnitReportReporter -->
<testsuite hostname="DESKTOP-460CLSS" failures="0" tests="1" name="Projects.VerraRegistry" time="19.217" errors="0" timestamp="2025-03-04T13:46:24 CST" skipped="0">
  <testcase classname="Projects.VerraRegistry" name="A" time="19.217"/>
</testsuite> <!-- Projects.VerraRegistry -->
