<?xml version="1.0" encoding="UTF-8"?>
<!-- Generated by org.testng.reporters.JUnitReportReporter -->
<testsuite hostname="DESKTOP-460CLSS" failures="0" tests="2" name="About.About" time="41.432" errors="0" timestamp="2025-04-29T16:55:32 CDT" skipped="0">
  <testcase classname="About.About" name="A" time="20.732"/>
  <testcase classname="About.About" name="B" time="20.700"/>
</testsuite> <!-- About.About -->
