<?xml version="1.0" encoding="UTF-8"?>
<!-- Generated by org.testng.reporters.JUnitReportReporter -->
<testsuite hostname="DESKTOP-460CLSS" failures="0" tests="2" name="About.About" time="27.193" errors="0" timestamp="2025-03-30T16:31:47 CDT" skipped="0">
  <testcase classname="About.About" name="A" time="14.997"/>
  <testcase classname="About.About" name="B" time="12.196"/>
</testsuite> <!-- About.About -->
