<?xml version="1.0" encoding="UTF-8"?>
<!-- Generated by org.testng.reporters.JUnitReportReporter -->
<testsuite hostname="DESKTOP-460CLSS" failures="0" tests="2" name="Programs.JurisdictionalAndNestedREDDPlusFramework" time="30.256" errors="0" timestamp="2025-03-01T11:12:04 CST" skipped="0">
  <testcase classname="Programs.JurisdictionalAndNestedREDDPlusFramework" name="A" time="16.130"/>
  <testcase classname="Programs.JurisdictionalAndNestedREDDPlusFramework" name="B" time="14.126"/>
</testsuite> <!-- Programs.JurisdictionalAndNestedREDDPlusFramework -->
