<?xml version="1.0" encoding="UTF-8"?>
<!-- Generated by org.testng.reporters.JUnitReportReporter -->
<testsuite hostname="DESKTOP-460CLSS" failures="0" tests="2" name="Programs.ClimateCommunityBiodiversityStandards" time="20.531" errors="0" timestamp="2025-03-01T11:10:10 CST" skipped="0">
  <testcase classname="Programs.ClimateCommunityBiodiversityStandards" name="A" time="20.457"/>
  <testcase classname="Programs.ClimateCommunityBiodiversityStandards" name="B" time="0.074"/>
</testsuite> <!-- Programs.ClimateCommunityBiodiversityStandards -->
