<?xml version="1.0" encoding="UTF-8"?>
<!-- Generated by org.testng.reporters.JUnitReportReporter -->
<testsuite hostname="DESKTOP-460CLSS" failures="0" tests="2" name="TheVerra.URLTest" time="28.003" errors="0" timestamp="2025-02-16T09:36:35 CST" skipped="0">
  <testcase classname="TheVerra.URLTest" name="A" time="16.336"/>
  <testcase classname="TheVerra.URLTest" name="B" time="11.667"/>
</testsuite> <!-- TheVerra.URLTest -->
