<?xml version="1.0" encoding="UTF-8"?>
<!-- Generated by org.testng.reporters.JUnitReportReporter -->
<testsuite hostname="DESKTOP-460CLSS" failures="0" tests="1" name="About.AboutwithDocker" time="20.202" errors="0" timestamp="2025-04-29T17:01:49 CDT" skipped="0">
  <testcase classname="About.AboutwithDocker" name="A" time="20.202"/>
</testsuite> <!-- About.AboutwithDocker -->
