<?xml version="1.0" encoding="UTF-8"?>
<!-- Generated by org.testng.reporters.JUnitReportReporter -->
<testsuite hostname="DESKTOP-460CLSS" failures="0" tests="2" name="Programs.JurisdictionalAndNestedREDDPlusFramework" time="49.501" errors="0" timestamp="2025-05-14T14:08:05 CDT" skipped="0">
  <testcase classname="Programs.JurisdictionalAndNestedREDDPlusFramework" name="A" time="32.702"/>
  <testcase classname="Programs.JurisdictionalAndNestedREDDPlusFramework" name="B" time="16.799"/>
</testsuite> <!-- Programs.JurisdictionalAndNestedREDDPlusFramework -->
