<?xml version="1.0" encoding="UTF-8"?>
<!-- Generated by org.testng.reporters.JUnitReportReporter -->
<testsuite hostname="DESKTOP-460CLSS" failures="0" tests="2" name="About.Overview" time="42.093" errors="0" timestamp="2025-04-05T10:26:10 CDT" skipped="0">
  <testcase classname="About.Overview" name="A" time="23.320"/>
  <testcase classname="About.Overview" name="B" time="18.773"/>
</testsuite> <!-- About.Overview -->
