<?xml version="1.0" encoding="UTF-8"?>
<!-- Generated by org.testng.reporters.JUnitReportReporter -->
<testsuite hostname="DESKTOP-460CLSS" failures="0" tests="1" name="OrangeEV.OrangeEV" time="25.794" errors="0" timestamp="2025-05-15T11:06:00 CDT" skipped="0">
  <testcase classname="OrangeEV.OrangeEV" name="A" time="25.794"/>
</testsuite> <!-- OrangeEV.OrangeEV -->
