<?xml version="1.0" encoding="UTF-8"?>
<!-- Generated by org.testng.reporters.JUnitReportReporter -->
<testsuite hostname="DESKTOP-460CLSS" failures="0" tests="2" name="About.OurImpact" time="31.190" errors="0" timestamp="2025-04-17T09:22:31 CDT" skipped="0">
  <testcase classname="About.OurImpact" name="A" time="14.733"/>
  <testcase classname="About.OurImpact" name="B" time="16.457"/>
</testsuite> <!-- About.OurImpact -->
