<?xml version="1.0" encoding="UTF-8"?>
<!-- Generated by org.testng.reporters.JUnitReportReporter -->
<testsuite hostname="DESKTOP-460CLSS" failures="0" tests="2" name="Latest.News" time="25.058" errors="0" timestamp="2025-03-23T15:32:01 CDT" skipped="0">
  <testcase classname="Latest.News" name="A" time="11.354"/>
  <testcase classname="Latest.News" name="B" time="13.704"/>
</testsuite> <!-- Latest.News -->
