<?xml version="1.0" encoding="UTF-8"?>
<!-- Generated by org.testng.reporters.JUnitReportReporter -->
<testsuite hostname="DESKTOP-460CLSS" failures="0" tests="2" name="Projects.RegistryOverview" time="29.925" errors="0" timestamp="2025-04-12T15:56:03 CDT" skipped="0">
  <testcase classname="Projects.RegistryOverview" name="A" time="15.850"/>
  <testcase classname="Projects.RegistryOverview" name="B" time="14.075"/>
</testsuite> <!-- Projects.RegistryOverview -->
