<?xml version="1.0" encoding="UTF-8"?>
<!-- Generated by org.testng.reporters.JUnitReportReporter -->
<testsuite hostname="DESKTOP-460CLSS" failures="0" tests="3" name="Programs.PlasticWasteReductionStandard" time="72.572" errors="0" timestamp="2025-03-02T15:12:19 CST" skipped="0">
  <testcase classname="Programs.PlasticWasteReductionStandard" name="A" time="16.714"/>
  <testcase classname="Programs.PlasticWasteReductionStandard" name="B" time="25.426"/>
  <testcase classname="Programs.PlasticWasteReductionStandard" name="C" time="30.432"/>
</testsuite> <!-- Programs.PlasticWasteReductionStandard -->
