<?xml version="1.0" encoding="UTF-8"?>
<!-- Generated by org.testng.reporters.JUnitReportReporter -->
<testsuite hostname="DESKTOP-460CLSS" failures="0" tests="1" name="Resources.ResourcesTab" time="16.313" errors="0" timestamp="2025-03-12T07:53:22 CDT" skipped="0">
  <testcase classname="Resources.ResourcesTab" name="Resources" time="16.313"/>
</testsuite> <!-- Resources.ResourcesTab -->
