<?xml version="1.0" encoding="UTF-8"?>
<!-- Generated by org.testng.reporters.JUnitReportReporter -->
<testsuite hostname="DESKTOP-460CLSS" failures="0" tests="1" name="Projects.Projectsdropdown" time="15.284" errors="0" timestamp="2025-03-04T10:48:33 CST" skipped="0">
  <testcase classname="Projects.Projectsdropdown" name="A" time="15.284"/>
</testsuite> <!-- Projects.Projectsdropdown -->
