<?xml version="1.0" encoding="UTF-8"?>
<!-- Generated by org.testng.reporters.JUnitReportReporter -->
<testsuite hostname="DESKTOP-460CLSS" failures="0" tests="2" name="Programs.Scope3Standard" time="34.531" errors="0" timestamp="2025-02-21T12:31:24 CST" skipped="0">
  <testcase classname="Programs.Scope3Standard" name="A" time="20.854"/>
  <testcase classname="Programs.Scope3Standard" name="B" time="13.677"/>
</testsuite> <!-- Programs.Scope3Standard -->
