<?xml version="1.0" encoding="UTF-8"?>
<!-- Generated by org.testng.reporters.JUnitReportReporter -->
<testsuite hostname="DESKTOP-460CLSS" failures="0" tests="2" name="Projects.VerraProjectHub" time="49.510" errors="0" timestamp="2025-04-18T17:55:13 CDT" skipped="0">
  <testcase classname="Projects.VerraProjectHub" name="A" time="23.084"/>
  <testcase classname="Projects.VerraProjectHub" name="B" time="26.426"/>
</testsuite> <!-- Projects.VerraProjectHub -->
