<?xml version="1.0" encoding="UTF-8"?>
<!-- Generated by org.testng.reporters.JUnitReportReporter -->
<testsuite hostname="DESKTOP-460CLSS" failures="0" tests="2" name="Programs.ProgramsDropdown" time="37.158" errors="0" timestamp="2025-02-17T12:17:38 CST" skipped="0">
  <testcase classname="Programs.ProgramsDropdown" name="A" time="20.175"/>
  <testcase classname="Programs.ProgramsDropdown" name="B" time="16.983"/>
</testsuite> <!-- Programs.ProgramsDropdown -->
