<?xml version="1.0" encoding="UTF-8"?>
<!-- Generated by org.testng.reporters.JUnitReportReporter -->
<testsuite hostname="DESKTOP-460CLSS" failures="0" tests="1" name="Latest.VerraViews" time="167.395" errors="0" timestamp="2025-05-26T14:51:49 CDT" skipped="0">
  <testcase classname="Latest.VerraViews" name="A" time="167.395"/>
</testsuite> <!-- Latest.VerraViews -->
