<?xml version="1.0" encoding="UTF-8"?>
<!-- Generated by org.testng.reporters.JUnitReportReporter -->
<testsuite hostname="DESKTOP-460CLSS" failures="0" tests="1" name="Latest.Latest" time="25.137" errors="0" timestamp="2025-03-17T14:30:11 CDT" skipped="0">
  <testcase classname="Latest.Latest" name="Latesttab" time="25.137"/>
</testsuite> <!-- Latest.Latest -->
