<?xml version="1.0" encoding="UTF-8"?>
<!-- Generated by org.testng.reporters.JUnitReportReporter -->
<testsuite hostname="DESKTOP-460CLSS" failures="0" tests="2" name="TheVerra.URLTest" time="124.167" errors="0" timestamp="2025-04-25T11:49:48 CDT" skipped="0">
  <testcase classname="TheVerra.URLTest" name="A" time="90.255"/>
  <testcase classname="TheVerra.URLTest" name="B" time="33.912"/>
</testsuite> <!-- TheVerra.URLTest -->
