<?xml version="1.0" encoding="UTF-8"?>
<!-- Generated by org.testng.reporters.JUnitReportReporter -->
<testsuite hostname="DESKTOP-460CLSS" failures="0" tests="2" name="TheVerra.URLTest" time="32.240" errors="0" timestamp="2025-02-16T09:38:15 CST" skipped="0">
  <testcase classname="TheVerra.URLTest" name="A" time="15.174"/>
  <testcase classname="TheVerra.URLTest" name="B" time="17.066"/>
</testsuite> <!-- TheVerra.URLTest -->
